current directory: /Users/hal/Desktop/workspace/vendor/bundle/ruby/2.6.0/gems/json-1.8.3/ext/json/ext/generator
/Users/hal/.rbenv/versions/2.4.0-dev/bin/ruby -r ./siteconf20180419-78695-s6z4ck.rb extconf.rb
creating Makefile

current directory: /Users/hal/Desktop/workspace/vendor/bundle/ruby/2.6.0/gems/json-1.8.3/ext/json/ext/generator
make "DESTDIR=" clean

current directory: /Users/hal/Desktop/workspace/vendor/bundle/ruby/2.6.0/gems/json-1.8.3/ext/json/ext/generator
make "DESTDIR="
compiling generator.c
generator.c:861:25: error: use of undeclared identifier 'rb_cFixnum'
    } else if (klass == rb_cFixnum) {
                        ^
generator.c:863:25: error: use of undeclared identifier 'rb_cBignum'
    } else if (klass == rb_cBignum) {
                        ^
generator.c:975:5: warning: division by zero is undefined [-Wdivision-by-zero]
    rb_scan_args(argc, argv, "01", &opts);
    ^~~~~~~~~~~~~~~~~~~~~~~~~~~~~~~~~~~~~
/Users/hal/.rbenv/versions/2.4.0-dev/include/ruby-2.6.0/ruby/ruby.h:2199:9: note: expanded from macro 'rb_scan_args'
        rb_scan_args0(argc,argvp,fmt,\
        ^~~~~~~~~~~~~~~~~~~~~~~~~~~~~~
/Users/hal/.rbenv/versions/2.4.0-dev/include/ruby-2.6.0/ruby/ruby.h:2372:9: note: expanded from macro 'rb_scan_args0'
                     (rb_scan_args_verify(fmt, varc), vars))
                      ^~~~~~~~~~~~~~~~~~~~~~~~~~~~~~
/Users/hal/.rbenv/versions/2.4.0-dev/include/ruby-2.6.0/ruby/ruby.h:2257:11: note: expanded from macro 'rb_scan_args_verify'
        verify = rb_scan_args_verify_count(fmt, varc); \
                 ^~~~~~~~~~~~~~~~~~~~~~~~~~~~~~~~~~~~
note: (skipping 4 expansions in backtrace; use -fmacro-backtrace-limit=0 to see all)
/Users/hal/.rbenv/versions/2.4.0-dev/include/ruby-2.6.0/ruby/ruby.h:2223:6: note: expanded from macro 'rb_scan_args_count_hash'
     rb_scan_args_count_block(fmt, ofs, varc, vari) : \
     ^~~~~~~~~~~~~~~~~~~~~~~~~~~~~~~~~~~~~~~~~~~~~~
/Users/hal/.rbenv/versions/2.4.0-dev/include/ruby-2.6.0/ruby/ruby.h:2218:6: note: expanded from macro 'rb_scan_args_count_block'
     rb_scan_args_count_end(fmt, ofs, varc, vari) : \
     ^~~~~~~~~~~~~~~~~~~~~~~~~~~~~~~~~~~~~~~~~~~~
/Users/hal/.rbenv/versions/2.4.0-dev/include/ruby-2.6.0/ruby/ruby.h:2214:12: note: expanded from macro 'rb_scan_args_count_end'
    ((vari)/(!fmt[ofs] || rb_scan_args_bad_format(fmt)))
           ^~~~~~~~~~~~~~~~~~~~~~~~~~~~~~~~~~~~~~~~~~~~
generator.c:975:5: warning: division by zero is undefined [-Wdivision-by-zero]
    rb_scan_args(argc, argv, "01", &opts);
    ^~~~~~~~~~~~~~~~~~~~~~~~~~~~~~~~~~~~~
/Users/hal/.rbenv/versions/2.4.0-dev/include/ruby-2.6.0/ruby/ruby.h:2199:9: note: expanded from macro 'rb_scan_args'
        rb_scan_args0(argc,argvp,fmt,\
        ^~~~~~~~~~~~~~~~~~~~~~~~~~~~~~
/Users/hal/.rbenv/versions/2.4.0-dev/include/ruby-2.6.0/ruby/ruby.h:2372:9: note: expanded from macro 'rb_scan_args0'
                     (rb_scan_args_verify(fmt, varc), vars))
                      ^~~~~~~~~~~~~~~~~~~~~~~~~~~~~~
/Users/hal/.rbenv/versions/2.4.0-dev/include/ruby-2.6.0/ruby/ruby.h:2257:11: note: expanded from macro 'rb_scan_args_verify'
        verify = rb_scan_args_verify_count(fmt, varc); \
                 ^~~~~~~~~~~~~~~~~~~~~~~~~~~~~~~~~~~~
note: (skipping 4 expansions in backtrace; use -fmacro-backtrace-limit=0 to see all)
/Users/hal/.rbenv/versions/2.4.0-dev/include/ruby-2.6.0/ruby/ruby.h:2223:6: note: expanded from macro 'rb_scan_args_count_hash'
     rb_scan_args_count_block(fmt, ofs, varc, vari) : \
     ^~~~~~~~~~~~~~~~~~~~~~~~~~~~~~~~~~~~~~~~~~~~~~
/Users/hal/.rbenv/versions/2.4.0-dev/include/ruby-2.6.0/ruby/ruby.h:2219:6: note: expanded from macro 'rb_scan_args_count_block'
     rb_scan_args_count_end(fmt, ofs+1, varc, vari+1))
     ^~~~~~~~~~~~~~~~~~~~~~~~~~~~~~~~~~~~~~~~~~~~~~~~
/Users/hal/.rbenv/versions/2.4.0-dev/include/ruby-2.6.0/ruby/ruby.h:2214:12: note: expanded from macro 'rb_scan_args_count_end'
    ((vari)/(!fmt[ofs] || rb_scan_args_bad_format(fmt)))
           ^~~~~~~~~~~~~~~~~~~~~~~~~~~~~~~~~~~~~~~~~~~~
generator.c:975:5: warning: division by zero is undefined [-Wdivision-by-zero]
    rb_scan_args(argc, argv, "01", &opts);
    ^~~~~~~~~~~~~~~~~~~~~~~~~~~~~~~~~~~~~
/Users/hal/.rbenv/versions/2.4.0-dev/include/ruby-2.6.0/ruby/ruby.h:2199:9: note: expanded from macro 'rb_scan_args'
        rb_scan_args0(argc,argvp,fmt,\
        ^~~~~~~~~~~~~~~~~~~~~~~~~~~~~~
/Users/hal/.rbenv/versions/2.4.0-dev/include/ruby-2.6.0/ruby/ruby.h:2372:9: note: expanded from macro 'rb_scan_args0'
                     (rb_scan_args_verify(fmt, varc), vars))
                      ^~~~~~~~~~~~~~~~~~~~~~~~~~~~~~
/Users/hal/.rbenv/versions/2.4.0-dev/include/ruby-2.6.0/ruby/ruby.h:2257:11: note: expanded from macro 'rb_scan_args_verify'
        verify = rb_scan_args_verify_count(fmt, varc); \
                 ^~~~~~~~~~~~~~~~~~~~~~~~~~~~~~~~~~~~
note: (skipping 4 expansions in backtrace; use -fmacro-backtrace-limit=0 to see all)
/Users/hal/.rbenv/versions/2.4.0-dev/include/ruby-2.6.0/ruby/ruby.h:2224:6: note: expanded from macro 'rb_scan_args_count_hash'
     rb_scan_args_count_block(fmt, ofs+1, varc, vari+1))
     ^~~~~~~~~~~~~~~~~~~~~~~~~~~~~~~~~~~~~~~~~~~~~~~~~~
/Users/hal/.rbenv/versions/2.4.0-dev/include/ruby-2.6.0/ruby/ruby.h:2218:6: note: expanded from macro 'rb_scan_args_count_block'
     rb_scan_args_count_end(fmt, ofs, varc, vari) : \
     ^~~~~~~~~~~~~~~~~~~~~~~~~~~~~~~~~~~~~~~~~~~~
/Users/hal/.rbenv/versions/2.4.0-dev/include/ruby-2.6.0/ruby/ruby.h:2214:12: note: expanded from macro 'rb_scan_args_count_end'
    ((vari)/(!fmt[ofs] || rb_scan_args_bad_format(fmt)))
           ^~~~~~~~~~~~~~~~~~~~~~~~~~~~~~~~~~~~~~~~~~~~
generator.c:975:5: warning: division by zero is undefined [-Wdivision-by-zero]
    rb_scan_args(argc, argv, "01", &opts);
    ^~~~~~~~~~~~~~~~~~~~~~~~~~~~~~~~~~~~~
/Users/hal/.rbenv/versions/2.4.0-dev/include/ruby-2.6.0/ruby/ruby.h:2199:9: note: expanded from macro 'rb_scan_args'
        rb_scan_args0(argc,argvp,fmt,\
        ^~~~~~~~~~~~~~~~~~~~~~~~~~~~~~
/Users/hal/.rbenv/versions/2.4.0-dev/include/ruby-2.6.0/ruby/ruby.h:2372:9: note: expanded from macro 'rb_scan_args0'
                     (rb_scan_args_verify(fmt, varc), vars))
                      ^~~~~~~~~~~~~~~~~~~~~~~~~~~~~~
/Users/hal/.rbenv/versions/2.4.0-dev/include/ruby-2.6.0/ruby/ruby.h:2257:11: note: expanded from macro 'rb_scan_args_verify'
        verify = rb_scan_args_verify_count(fmt, varc); \
                 ^~~~~~~~~~~~~~~~~~~~~~~~~~~~~~~~~~~~
note: (skipping 4 expansions in backtrace; use -fmacro-backtrace-limit=0 to see all)
/Users/hal/.rbenv/versions/2.4.0-dev/include/ruby-2.6.0/ruby/ruby.h:2223:6: note: expanded from macro 'rb_scan_args_count_hash'
     rb_scan_args_count_block(fmt, ofs, varc, vari) : \
     ^~~~~~~~~~~~~~~~~~~~~~~~~~~~~~~~~~~~~~~~~~~~~~
/Users/hal/.rbenv/versions/2.4.0-dev/include/ruby-2.6.0/ruby/ruby.h:2218:6: note: expanded from macro 'rb_scan_args_count_block'
     rb_scan_args_count_end(fmt, ofs, varc, vari) : \
     ^~~~~~~~~~~~~~~~~~~~~~~~~~~~~~~~~~~~~~~~~~~~
/Users/hal/.rbenv/versions/2.4.0-dev/include/ruby-2.6.0/ruby/ruby.h:2214:12: note: expanded from macro 'rb_scan_args_count_end'
    ((vari)/(!fmt[ofs] || rb_scan_args_bad_format(fmt)))
           ^~~~~~~~~~~~~~~~~~~~~~~~~~~~~~~~~~~~~~~~~~~~
generator.c:975:5: warning: division by zero is undefined [-Wdivision-by-zero]
    rb_scan_args(argc, argv, "01", &opts);
    ^~~~~~~~~~~~~~~~~~~~~~~~~~~~~~~~~~~~~
/Users/hal/.rbenv/versions/2.4.0-dev/include/ruby-2.6.0/ruby/ruby.h:2199:9: note: expanded from macro 'rb_scan_args'
        rb_scan_args0(argc,argvp,fmt,\
        ^~~~~~~~~~~~~~~~~~~~~~~~~~~~~~
/Users/hal/.rbenv/versions/2.4.0-dev/include/ruby-2.6.0/ruby/ruby.h:2372:9: note: expanded from macro 'rb_scan_args0'
                     (rb_scan_args_verify(fmt, varc), vars))
                      ^~~~~~~~~~~~~~~~~~~~~~~~~~~~~~
/Users/hal/.rbenv/versions/2.4.0-dev/include/ruby-2.6.0/ruby/ruby.h:2257:11: note: expanded from macro 'rb_scan_args_verify'
        verify = rb_scan_args_verify_count(fmt, varc); \
                 ^~~~~~~~~~~~~~~~~~~~~~~~~~~~~~~~~~~~
note: (skipping 4 expansions in backtrace; use -fmacro-backtrace-limit=0 to see all)
/Users/hal/.rbenv/versions/2.4.0-dev/include/ruby-2.6.0/ruby/ruby.h:2223:6: note: expanded from macro 'rb_scan_args_count_hash'
     rb_scan_args_count_block(fmt, ofs, varc, vari) : \
     ^~~~~~~~~~~~~~~~~~~~~~~~~~~~~~~~~~~~~~~~~~~~~~
/Users/hal/.rbenv/versions/2.4.0-dev/include/ruby-2.6.0/ruby/ruby.h:2218:6: note: expanded from macro 'rb_scan_args_count_block'
     rb_scan_args_count_end(fmt, ofs, varc, vari) : \
     ^~~~~~~~~~~~~~~~~~~~~~~~~~~~~~~~~~~~~~~~~~~~
/Users/hal/.rbenv/versions/2.4.0-dev/include/ruby-2.6.0/ruby/ruby.h:2214:12: note: expanded from macro 'rb_scan_args_count_end'
    ((vari)/(!fmt[ofs] || rb_scan_args_bad_format(fmt)))
           ^~~~~~~~~~~~~~~~~~~~~~~~~~~~~~~~~~~~~~~~~~~~
generator.c:975:5: warning: division by zero is undefined [-Wdivision-by-zero]
    rb_scan_args(argc, argv, "01", &opts);
    ^~~~~~~~~~~~~~~~~~~~~~~~~~~~~~~~~~~~~
/Users/hal/.rbenv/versions/2.4.0-dev/include/ruby-2.6.0/ruby/ruby.h:2199:9: note: expanded from macro 'rb_scan_args'
        rb_scan_args0(argc,argvp,fmt,\
        ^~~~~~~~~~~~~~~~~~~~~~~~~~~~~~
/Users/hal/.rbenv/versions/2.4.0-dev/include/ruby-2.6.0/ruby/ruby.h:2372:9: note: expanded from macro 'rb_scan_args0'
                     (rb_scan_args_verify(fmt, varc), vars))
                      ^~~~~~~~~~~~~~~~~~~~~~~~~~~~~~
/Users/hal/.rbenv/versions/2.4.0-dev/include/ruby-2.6.0/ruby/ruby.h:2257:11: note: expanded from macro 'rb_scan_args_verify'
        verify = rb_scan_args_verify_count(fmt, varc); \
                 ^~~~~~~~~~~~~~~~~~~~~~~~~~~~~~~~~~~~
note: (skipping 5 expansions in backtrace; use -fmacro-backtrace-limit=0 to see all)
/Users/hal/.rbenv/versions/2.4.0-dev/include/ruby-2.6.0/ruby/ruby.h:2223:6: note: expanded from macro 'rb_scan_args_count_hash'
     rb_scan_args_count_block(fmt, ofs, varc, vari) : \
     ^~~~~~~~~~~~~~~~~~~~~~~~~~~~~~~~~~~~~~~~~~~~~~
/Users/hal/.rbenv/versions/2.4.0-dev/include/ruby-2.6.0/ruby/ruby.h:2218:6: note: expanded from macro 'rb_scan_args_count_block'
     rb_scan_args_count_end(fmt, ofs, varc, vari) : \
     ^~~~~~~~~~~~~~~~~~~~~~~~~~~~~~~~~~~~~~~~~~~~
/Users/hal/.rbenv/versions/2.4.0-dev/include/ruby-2.6.0/ruby/ruby.h:2214:12: note: expanded from macro 'rb_scan_args_count_end'
    ((vari)/(!fmt[ofs] || rb_scan_args_bad_format(fmt)))
           ^~~~~~~~~~~~~~~~~~~~~~~~~~~~~~~~~~~~~~~~~~~~
6 warnings and 2 errors generated.
make: *** [generator.o] Error 1

make failed, exit code 2
